<?xml version="1.0" encoding="UTF-8"?>
<testsuite xmlns:xsi="http://www.w3.org/2001/XMLSchema-instance" xsi:noNamespaceSchemaLocation="https://maven.apache.org/surefire/maven-surefire-plugin/xsd/surefire-test-report.xsd" version="3.0.2" name="io.github.soheilmatlobifard.tensor.AppTest" time="0.053" tests="15" errors="3" skipped="0" failures="0">
  <properties>
[...]
</properties>
  <testcase name="testZeros" classname="io.github.soheilmatlobifard.tensor.AppTest" time="0.007"/>
  <testcase name="testOnes" classname="io.github.soheilmatlobifard.tensor.AppTest" time="0.001"/>
  <testcase name="testEye" classname="io.github.soheilmatlobifard.tensor.AppTest" time="0.0"/>
  <testcase name="testSum" classname="io.github.soheilmatlobifard.tensor.AppTest" time="0.0"/>
  <testcase name="testSumAxis0" classname="io.github.soheilmatlobifard.tensor.AppTest" time="0.0"/>
  <testcase name="testMean" classname="io.github.soheilmatlobifard.tensor.AppTest" time="0.006">
    <error message="Index 1 out of bounds for length 1" type="java.lang.ArrayIndexOutOfBoundsException"><![CDATA[java.lang.ArrayIndexOutOfBoundsException: Index 1 out of bounds for length 1
	at io.github.soheilmatlobifard.tensor.ops.statisticsOps.StatisticsOps.mean(StatisticsOps.java:66)
	at io.github.soheilmatlobifard.tensor.Tensor.mean(Tensor.java:192)
	at io.github.soheilmatlobifard.tensor.AppTest.testMean(AppTest.java:56)
	at java.base/jdk.internal.reflect.DirectMethodHandleAccessor.invoke(DirectMethodHandleAccessor.java:103)
	at java.base/java.lang.reflect.Method.invoke(Method.java:580)
	at junit.framework.TestCase.runTest(TestCase.java:154)
	at junit.framework.TestCase.runBare(TestCase.java:127)
	at junit.framework.TestResult$1.protect(TestResult.java:106)
	at junit.framework.TestResult.runProtected(TestResult.java:124)
	at junit.framework.TestResult.run(TestResult.java:109)
	at junit.framework.TestCase.run(TestCase.java:118)
	at junit.framework.TestSuite.runTest(TestSuite.java:208)
	at junit.framework.TestSuite.run(TestSuite.java:203)
	at java.base/jdk.internal.reflect.DirectMethodHandleAccessor.invoke(DirectMethodHandleAccessor.java:103)
	at java.base/java.lang.reflect.Method.invoke(Method.java:580)
	at org.apache.maven.surefire.junit.JUnitTestSetExecutor.execute(JUnitTestSetExecutor.java:81)
	at org.apache.maven.surefire.junit.JUnit3Provider.executeTestSet(JUnit3Provider.java:131)
	at org.apache.maven.surefire.junit.JUnit3Provider.invoke(JUnit3Provider.java:93)
	at org.apache.maven.surefire.booter.ForkedBooter.runSuitesInProcess(ForkedBooter.java:385)
	at org.apache.maven.surefire.booter.ForkedBooter.execute(ForkedBooter.java:162)
	at org.apache.maven.surefire.booter.ForkedBooter.run(ForkedBooter.java:507)
	at org.apache.maven.surefire.booter.ForkedBooter.main(ForkedBooter.java:495)
]]></error>
  </testcase>
  <testcase name="testMeanAxis0" classname="io.github.soheilmatlobifard.tensor.AppTest" time="0.0"/>
  <testcase name="testProd" classname="io.github.soheilmatlobifard.tensor.AppTest" time="0.0"/>
  <testcase name="testNorm" classname="io.github.soheilmatlobifard.tensor.AppTest" time="0.0"/>
  <testcase name="testStd" classname="io.github.soheilmatlobifard.tensor.AppTest" time="0.001">
    <error message="Index 1 out of bounds for length 1" type="java.lang.ArrayIndexOutOfBoundsException"><![CDATA[java.lang.ArrayIndexOutOfBoundsException: Index 1 out of bounds for length 1
	at io.github.soheilmatlobifard.tensor.ops.statisticsOps.StatisticsOps.mean(StatisticsOps.java:66)
	at io.github.soheilmatlobifard.tensor.ops.statisticsOps.StatisticsOps.variance(StatisticsOps.java:288)
	at io.github.soheilmatlobifard.tensor.ops.statisticsOps.StatisticsOps.std(StatisticsOps.java:230)
	at io.github.soheilmatlobifard.tensor.Tensor.std(Tensor.java:180)
	at io.github.soheilmatlobifard.tensor.AppTest.testStd(AppTest.java:79)
	at java.base/jdk.internal.reflect.DirectMethodHandleAccessor.invoke(DirectMethodHandleAccessor.java:103)
	at java.base/java.lang.reflect.Method.invoke(Method.java:580)
	at junit.framework.TestCase.runTest(TestCase.java:154)
	at junit.framework.TestCase.runBare(TestCase.java:127)
	at junit.framework.TestResult$1.protect(TestResult.java:106)
	at junit.framework.TestResult.runProtected(TestResult.java:124)
	at junit.framework.TestResult.run(TestResult.java:109)
	at junit.framework.TestCase.run(TestCase.java:118)
	at junit.framework.TestSuite.runTest(TestSuite.java:208)
	at junit.framework.TestSuite.run(TestSuite.java:203)
	at java.base/jdk.internal.reflect.DirectMethodHandleAccessor.invoke(DirectMethodHandleAccessor.java:103)
	at java.base/java.lang.reflect.Method.invoke(Method.java:580)
	at org.apache.maven.surefire.junit.JUnitTestSetExecutor.execute(JUnitTestSetExecutor.java:81)
	at org.apache.maven.surefire.junit.JUnit3Provider.executeTestSet(JUnit3Provider.java:131)
	at org.apache.maven.surefire.junit.JUnit3Provider.invoke(JUnit3Provider.java:93)
	at org.apache.maven.surefire.booter.ForkedBooter.runSuitesInProcess(ForkedBooter.java:385)
	at org.apache.maven.surefire.booter.ForkedBooter.execute(ForkedBooter.java:162)
	at org.apache.maven.surefire.booter.ForkedBooter.run(ForkedBooter.java:507)
	at org.apache.maven.surefire.booter.ForkedBooter.main(ForkedBooter.java:495)
]]></error>
  </testcase>
  <testcase name="testVariance" classname="io.github.soheilmatlobifard.tensor.AppTest" time="0.0">
    <error message="Index 1 out of bounds for length 1" type="java.lang.ArrayIndexOutOfBoundsException"><![CDATA[java.lang.ArrayIndexOutOfBoundsException: Index 1 out of bounds for length 1
	at io.github.soheilmatlobifard.tensor.ops.statisticsOps.StatisticsOps.mean(StatisticsOps.java:66)
	at io.github.soheilmatlobifard.tensor.ops.statisticsOps.StatisticsOps.variance(StatisticsOps.java:288)
	at io.github.soheilmatlobifard.tensor.Tensor.variance(Tensor.java:216)
	at io.github.soheilmatlobifard.tensor.AppTest.testVariance(AppTest.java:85)
	at java.base/jdk.internal.reflect.DirectMethodHandleAccessor.invoke(DirectMethodHandleAccessor.java:103)
	at java.base/java.lang.reflect.Method.invoke(Method.java:580)
	at junit.framework.TestCase.runTest(TestCase.java:154)
	at junit.framework.TestCase.runBare(TestCase.java:127)
	at junit.framework.TestResult$1.protect(TestResult.java:106)
	at junit.framework.TestResult.runProtected(TestResult.java:124)
	at junit.framework.TestResult.run(TestResult.java:109)
	at junit.framework.TestCase.run(TestCase.java:118)
	at junit.framework.TestSuite.runTest(TestSuite.java:208)
	at junit.framework.TestSuite.run(TestSuite.java:203)
	at java.base/jdk.internal.reflect.DirectMethodHandleAccessor.invoke(DirectMethodHandleAccessor.java:103)
	at java.base/java.lang.reflect.Method.invoke(Method.java:580)
	at org.apache.maven.surefire.junit.JUnitTestSetExecutor.execute(JUnitTestSetExecutor.java:81)
	at org.apache.maven.surefire.junit.JUnit3Provider.executeTestSet(JUnit3Provider.java:131)
	at org.apache.maven.surefire.junit.JUnit3Provider.invoke(JUnit3Provider.java:93)
	at org.apache.maven.surefire.booter.ForkedBooter.runSuitesInProcess(ForkedBooter.java:385)
	at org.apache.maven.surefire.booter.ForkedBooter.execute(ForkedBooter.java:162)
	at org.apache.maven.surefire.booter.ForkedBooter.run(ForkedBooter.java:507)
	at org.apache.maven.surefire.booter.ForkedBooter.main(ForkedBooter.java:495)
]]></error>
  </testcase>
  <testcase name="testMin" classname="io.github.soheilmatlobifard.tensor.AppTest" time="0.0"/>
  <testcase name="testMax" classname="io.github.soheilmatlobifard.tensor.AppTest" time="0.001"/>
  <testcase name="testArgMax" classname="io.github.soheilmatlobifard.tensor.AppTest" time="0.0"/>
  <testcase name="testArgMin" classname="io.github.soheilmatlobifard.tensor.AppTest" time="0.0"/>
</testsuite>